<?xml version="1.0" encoding="UTF-8"?>
<!-- Generated by org.testng.reporters.JUnitXMLReporter -->
<testsuite ignored="0" hostname="ESLLAP-3041" failures="0" tests="3" name="group Test" time="0.029" errors="0" timestamp="12 Aug 2023 09:37:34 GMT">
  <testcase classname="interviewPrep.DependonMethod" name="methodA" time="0.007"/>
  <testcase classname="interviewPrep.DependonMethod" name="methodC" time="0.001"/>
  <testcase classname="interviewPrep.DependonMethod" name="methodB" time="0.001"/>
</testsuite> <!-- group Test -->
