<?xml version="1.0" encoding="UTF-8"?>
<!-- Generated by org.testng.reporters.JUnitXMLReporter -->
<testsuite ignored="0" hostname="ESLLAP-3041" failures="2" tests="4" name="ITestListerDemo" time="1.114" errors="0" timestamp="29 Oct 2023 10:17:42 GMT">
  <testcase classname="testNgPractice.ITestListenersDemoTest" name="D" time="0.007"/>
  <testcase classname="testNgPractice.ITestListenersDemoTest" name="E" time="0.006">
    <failure type="java.lang.AssertionError" message="expected [null] but found [0]">
      <![CDATA[java.lang.AssertionError: expected [null] but found [0]
at testNgPractice.ITestListenersDemoTest.E(ITestListenersDemoTest.java:28)
... Removed 30 stack frames]]>
    </failure>
  </testcase> <!-- E -->
  <testcase classname="testNgPractice.ITestListenersDemoTest" name="F" time="1.021">
    <failure type="org.testng.internal.thread.ThreadTimeoutException" message="Method testNgPractice.ITestListenersDemoTest.F() didn&amp;apos;t finish within the time-out 1000">
      <![CDATA[org.testng.internal.thread.ThreadTimeoutException: Method testNgPractice.ITestListenersDemoTest.F() didn't finish within the time-out 1000
at java.base@17.0.5/java.lang.invoke.VarHandle$AccessMode.valueFromMethodName(VarHandle.java:1934)
at java.base@17.0.5/java.lang.invoke.MethodHandleNatives.varHandleOperationLinkerMethod(MethodHandleNatives.java:535)
at java.base@17.0.5/java.lang.invoke.MethodHandleNatives.linkMethodImpl(MethodHandleNatives.java:485)
at java.base@17.0.5/java.lang.invoke.MethodHandleNatives.linkMethod(MethodHandleNatives.java:473)
at java.base@17.0.5/java.util.concurrent.FutureTask.setException(FutureTask.java:247)
at java.base@17.0.5/java.util.concurrent.FutureTask.run(FutureTask.java:269)
at java.base@17.0.5/java.util.concurrent.ThreadPoolExecutor.runWorker(ThreadPoolExecutor.java:1136)
at java.base@17.0.5/java.util.concurrent.ThreadPoolExecutor$Worker.run(ThreadPoolExecutor.java:635)
at java.base@17.0.5/java.lang.Thread.run(Thread.java:833)
]]>
    </failure>
  </testcase> <!-- F -->
  <testcase classname="testNgPractice.ITestListenersDemoTest" name="G" time="0.0">
    <skipped/>
  </testcase> <!-- G -->
</testsuite> <!-- ITestListerDemo -->
