<?xml version="1.0" encoding="UTF-8"?>
<!-- Generated by org.testng.reporters.JUnitXMLReporter -->
<testsuite ignored="1" hostname="ESLLAP-3041" failures="0" tests="1" name="order of  Test" time="0.03" errors="0" timestamp="30 Jan 2024 15:14:11 GMT">
  <testcase classname="testNgPractice.ParameterTest" name="FillterProduct" time="0.009"/>
  <testcase classname="testNgPractice.ParameterTest" name="openUrl" time="0.0">
    <ignored/>
  </testcase> <!-- openUrl -->
</testsuite> <!-- order of  Test -->
