<?xml version="1.0" encoding="UTF-8"?>
<!-- Generated by org.testng.reporters.JUnitXMLReporter -->
<testsuite ignored="0" hostname="ESLLAP-3041" failures="0" tests="4" name="order of  Test" time="0.093" errors="0" timestamp="11 Sep 2023 16:11:24 GMT">
  <testcase classname="testNgPractice.TestClass1" name="A" time="0.022"/>
  <testcase classname="testNgPractice.TestClass1" name="C" time="0.002"/>
  <testcase classname="testNgPractice.TestClass2" name="B" time="0.003"/>
  <testcase classname="testNgPractice.TestClass2" name="D" time="0.002"/>
</testsuite> <!-- order of  Test -->
